<?xml version="1.0" encoding="UTF-8"?>
<!-- Generated by org.testng.reporters.JUnitReportReporter -->
<testsuite skipped="0" hostname="Jayashrees-MacBook-Air.local" name="com.pages.Testpage" tests="1" failures="0" timestamp="2022-02-05T20:21:29 IST" time="18.632" errors="0">
  <testcase name="getCustomerList" time="18.632" classname="com.pages.Testpage"/>
  <system-out/>
</testsuite> <!-- com.pages.Testpage -->
